<?xml version="1.0" encoding="UTF-8"?>
<testng-results ignored="0" total="2" passed="2" failed="0" skipped="0">
  <reporter-output>
  </reporter-output>
  <suite started-at="2026-05-14T14:11:53 IST" name="Default suite" finished-at="2026-05-14T14:12:20 IST" duration-ms="27445">
    <groups>
      <group name="cucumber">
        <method signature="AbstractTestNGCucumberTests.runScenario(io.cucumber.testng.PickleWrapper,io.cucumber.testng.FeatureWrapper)[pri:0, instance:com.runner.TestNgRunner@63475ace]" name="runScenario" class="io.cucumber.testng.AbstractTestNGCucumberTests"/>
      </group> <!-- cucumber -->
    </groups>
    <test started-at="2026-05-14T14:11:53 IST" name="Default test" finished-at="2026-05-14T14:12:20 IST" duration-ms="27445">
      <class name="com.runner.TestNgRunner">
        <test-method is-config="true" signature="setUpClass(org.testng.ITestContext)[pri:0, instance:com.runner.TestNgRunner@63475ace]" started-at="2026-05-14T14:11:53 IST" name="setUpClass" finished-at="2026-05-14T14:11:53 IST" duration-ms="643" status="PASS">
          <params>
            <param index="0">
              <value>
                <![CDATA[org.testng.TestRunner@28157173]]>
              </value>
            </param>
          </params>
          <reporter-output>
          </reporter-output>
        </test-method> <!-- setUpClass -->
        <test-method signature="runScenario(io.cucumber.testng.PickleWrapper,io.cucumber.testng.FeatureWrapper)[pri:0, instance:com.runner.TestNgRunner@63475ace]" started-at="2026-05-14T14:11:53 IST" name="runScenario" description="Runs Cucumber Scenarios" data-provider="scenarios" finished-at="2026-05-14T14:12:08 IST" duration-ms="14708" status="PASS">
          <params>
            <param index="0">
              <value>
                <![CDATA["To check the login Functionality with valid credentialss"]]>
              </value>
            </param>
            <param index="1">
              <value>
                <![CDATA["Rishwanth_Login_Feature_13_05_2026"]]>
              </value>
            </param>
          </params>
          <reporter-output>
          </reporter-output>
        </test-method> <!-- runScenario -->
        <test-method signature="runScenario(io.cucumber.testng.PickleWrapper,io.cucumber.testng.FeatureWrapper)[pri:0, instance:com.runner.TestNgRunner@63475ace]" started-at="2026-05-14T14:12:08 IST" name="runScenario" description="Runs Cucumber Scenarios" data-provider="scenarios" finished-at="2026-05-14T14:12:20 IST" duration-ms="12009" status="PASS">
          <params>
            <param index="0">
              <value>
                <![CDATA["To check the login Functionality with invalid credentialss"]]>
              </value>
            </param>
            <param index="1">
              <value>
                <![CDATA["Rishwanth_Login_Feature_13_05_2026"]]>
              </value>
            </param>
          </params>
          <reporter-output>
          </reporter-output>
        </test-method> <!-- runScenario -->
        <test-method is-config="true" signature="tearDownClass()[pri:0, instance:com.runner.TestNgRunner@63475ace]" started-at="2026-05-14T14:12:20 IST" name="tearDownClass" finished-at="2026-05-14T14:12:20 IST" duration-ms="31" status="PASS">
          <reporter-output>
          </reporter-output>
        </test-method> <!-- tearDownClass -->
      </class> <!-- com.runner.TestNgRunner -->
    </test> <!-- Default test -->
  </suite> <!-- Default suite -->
</testng-results>
