<?xml version="1.0" encoding="UTF-8"?>
<testng-results ignored="0" total="4" passed="4" failed="0" skipped="0">
  <reporter-output>
  </reporter-output>
  <suite started-at="2026-05-15T14:42:25 IST" name="Default suite" finished-at="2026-05-15T14:43:05 IST" duration-ms="39832">
    <groups>
      <group name="cucumber">
        <method signature="AbstractTestNGCucumberTests.runScenario(io.cucumber.testng.PickleWrapper,io.cucumber.testng.FeatureWrapper)[pri:0, instance:com.runner.TestNgRunner@16c069df]" name="runScenario" class="io.cucumber.testng.AbstractTestNGCucumberTests"/>
      </group> <!-- cucumber -->
    </groups>
    <test started-at="2026-05-15T14:42:25 IST" name="Default test" finished-at="2026-05-15T14:43:05 IST" duration-ms="39832">
      <class name="com.runner.TestNgRunner">
        <test-method is-config="true" signature="setUpClass(org.testng.ITestContext)[pri:0, instance:com.runner.TestNgRunner@16c069df]" started-at="2026-05-15T14:42:25 IST" name="setUpClass" finished-at="2026-05-15T14:42:26 IST" duration-ms="934" status="PASS">
          <params>
            <param index="0">
              <value>
                <![CDATA[org.testng.TestRunner@6adcf059]]>
              </value>
            </param>
          </params>
          <reporter-output>
          </reporter-output>
        </test-method> <!-- setUpClass -->
        <test-method signature="runScenario(io.cucumber.testng.PickleWrapper,io.cucumber.testng.FeatureWrapper)[pri:0, instance:com.runner.TestNgRunner@16c069df]" started-at="2026-05-15T14:42:26 IST" name="runScenario" description="Runs Cucumber Scenarios" data-provider="scenarios" finished-at="2026-05-15T14:42:41 IST" duration-ms="15147" status="PASS">
          <params>
            <param index="0">
              <value>
                <![CDATA["Verify user can navigate using valid Shop By Category options"]]>
              </value>
            </param>
            <param index="1">
              <value>
                <![CDATA["Shop By Category Navigation"]]>
              </value>
            </param>
          </params>
          <reporter-output>
          </reporter-output>
        </test-method> <!-- runScenario -->
        <test-method signature="runScenario(io.cucumber.testng.PickleWrapper,io.cucumber.testng.FeatureWrapper)[pri:0, instance:com.runner.TestNgRunner@16c069df]" started-at="2026-05-15T14:42:41 IST" name="runScenario" description="Runs Cucumber Scenarios" data-provider="scenarios" finished-at="2026-05-15T14:42:48 IST" duration-ms="7143" status="PASS">
          <params>
            <param index="0">
              <value>
                <![CDATA["Verify user can navigate using valid Shop By Category options"]]>
              </value>
            </param>
            <param index="1">
              <value>
                <![CDATA["Shop By Category Navigation"]]>
              </value>
            </param>
          </params>
          <reporter-output>
          </reporter-output>
        </test-method> <!-- runScenario -->
        <test-method signature="runScenario(io.cucumber.testng.PickleWrapper,io.cucumber.testng.FeatureWrapper)[pri:0, instance:com.runner.TestNgRunner@16c069df]" started-at="2026-05-15T14:42:48 IST" name="runScenario" description="Runs Cucumber Scenarios" data-provider="scenarios" finished-at="2026-05-15T14:42:56 IST" duration-ms="7501" status="PASS">
          <params>
            <param index="0">
              <value>
                <![CDATA["Verify user can navigate using valid Shop By Category options"]]>
              </value>
            </param>
            <param index="1">
              <value>
                <![CDATA["Shop By Category Navigation"]]>
              </value>
            </param>
          </params>
          <reporter-output>
          </reporter-output>
        </test-method> <!-- runScenario -->
        <test-method signature="runScenario(io.cucumber.testng.PickleWrapper,io.cucumber.testng.FeatureWrapper)[pri:0, instance:com.runner.TestNgRunner@16c069df]" started-at="2026-05-15T14:42:56 IST" name="runScenario" description="Runs Cucumber Scenarios" data-provider="scenarios" finished-at="2026-05-15T14:43:04 IST" duration-ms="8576" status="PASS">
          <params>
            <param index="0">
              <value>
                <![CDATA["Verify user can navigate using valid Shop By Category options"]]>
              </value>
            </param>
            <param index="1">
              <value>
                <![CDATA["Shop By Category Navigation"]]>
              </value>
            </param>
          </params>
          <reporter-output>
          </reporter-output>
        </test-method> <!-- runScenario -->
        <test-method is-config="true" signature="tearDownClass()[pri:0, instance:com.runner.TestNgRunner@16c069df]" started-at="2026-05-15T14:43:04 IST" name="tearDownClass" finished-at="2026-05-15T14:43:05 IST" duration-ms="465" status="PASS">
          <reporter-output>
          </reporter-output>
        </test-method> <!-- tearDownClass -->
      </class> <!-- com.runner.TestNgRunner -->
    </test> <!-- Default test -->
  </suite> <!-- Default suite -->
</testng-results>
