<?xml version="1.0" encoding="UTF-8"?>
<!-- Generated by org.testng.reporters.JUnitReportReporter -->
<testsuite hostname="LAPTOP-E70RRGE0" failures="0" tests="5" name="com.runner.TestNgRunner" time="0.628" errors="5" timestamp="2026-05-21T20:36:09 IST" skipped="0">
  <testcase classname="com.runner.TestNgRunner" name="runScenario" time="0.500">
    <error message="The step &#039;User is on Home page&#039; and 6 other step(s) are undefined.
You can implement these steps using the snippet(s) below:

@Given(&quot;User is on Home page&quot;)
public void user_is_on_home_page() {
    // Write code here that turns the phrase above into concrete actions
    throw new io.cucumber.java.PendingException();
}
@Given(&quot;User clicks on Shop By Categories&quot;)
public void user_clicks_on_shop_by_categories() {
    // Write code here that turns the phrase above into concrete actions
    throw new io.cucumber.java.PendingException();
}
@Given(&quot;User selects any one category&quot;)
public void user_selects_any_one_category() {
    // Write code here that turns the phrase above into concrete actions
    throw new io.cucumber.java.PendingException();
}
@When(&quot;User clicks any manufacturer filter option&quot;)
public void user_clicks_any_manufacturer_filter_option() {
    // Write code here that turns the phrase above into concrete actions
    throw new io.cucumber.java.PendingException();
}
@When(&quot;Products should display based on selected manufacturer&quot;)
public void products_should_display_based_on_selected_manufacturer() {
    // Write code here that turns the phrase above into concrete actions
    throw new io.cucumber.java.PendingException();
}
@When(&quot;User clicks any one product&quot;)
public void user_clicks_any_one_product() {
    // Write code here that turns the phrase above into concrete actions
    throw new io.cucumber.java.PendingException();
}
@Then(&quot;Product brand name in description should match the selected filter&quot;)
public void product_brand_name_in_description_should_match_the_selected_filter() {
    // Write code here that turns the phrase above into concrete actions
    throw new io.cucumber.java.PendingException();
}
" type="io.cucumber.testng.UndefinedStepException">
      <![CDATA[io.cucumber.testng.UndefinedStepException: The step 'User is on Home page' and 6 other step(s) are undefined.
You can implement these steps using the snippet(s) below:

@Given("User is on Home page")
public void user_is_on_home_page() {
    // Write code here that turns the phrase above into concrete actions
    throw new io.cucumber.java.PendingException();
}
@Given("User clicks on Shop By Categories")
public void user_clicks_on_shop_by_categories() {
    // Write code here that turns the phrase above into concrete actions
    throw new io.cucumber.java.PendingException();
}
@Given("User selects any one category")
public void user_selects_any_one_category() {
    // Write code here that turns the phrase above into concrete actions
    throw new io.cucumber.java.PendingException();
}
@When("User clicks any manufacturer filter option")
public void user_clicks_any_manufacturer_filter_option() {
    // Write code here that turns the phrase above into concrete actions
    throw new io.cucumber.java.PendingException();
}
@When("Products should display based on selected manufacturer")
public void products_should_display_based_on_selected_manufacturer() {
    // Write code here that turns the phrase above into concrete actions
    throw new io.cucumber.java.PendingException();
}
@When("User clicks any one product")
public void user_clicks_any_one_product() {
    // Write code here that turns the phrase above into concrete actions
    throw new io.cucumber.java.PendingException();
}
@Then("Product brand name in description should match the selected filter")
public void product_brand_name_in_description_should_match_the_selected_filter() {
    // Write code here that turns the phrase above into concrete actions
    throw new io.cucumber.java.PendingException();
}

at ✽.User is on Home page(file:///E:/Automation-Project-main/E-Commerce%20Lambdatest/src/test/resources/features/Filter.feature:5)
]]>
    </error>
  </testcase> <!-- runScenario -->
  <testcase classname="com.runner.TestNgRunner" name="runScenario" time="0.026">
    <error message="The step &#039;User is on Home page&#039; and 6 other step(s) are undefined.
You can implement these steps using the snippet(s) below:

@Given(&quot;User is on Home page&quot;)
public void user_is_on_home_page() {
    // Write code here that turns the phrase above into concrete actions
    throw new io.cucumber.java.PendingException();
}
@Given(&quot;User clicks on Shop By Categories&quot;)
public void user_clicks_on_shop_by_categories() {
    // Write code here that turns the phrase above into concrete actions
    throw new io.cucumber.java.PendingException();
}
@Given(&quot;User selects any one category&quot;)
public void user_selects_any_one_category() {
    // Write code here that turns the phrase above into concrete actions
    throw new io.cucumber.java.PendingException();
}
@When(&quot;User clicks the in-stock filter option and click one product&quot;)
public void user_clicks_the_in_stock_filter_option_and_click_one_product() {
    // Write code here that turns the phrase above into concrete actions
    throw new io.cucumber.java.PendingException();
}
@Then(&quot;In-stock products should display availability status in product description&quot;)
public void in_stock_products_should_display_availability_status_in_product_description() {
    // Write code here that turns the phrase above into concrete actions
    throw new io.cucumber.java.PendingException();
}
@When(&quot;User clicks the out-of-stock filter option and click one product&quot;)
public void user_clicks_the_out_of_stock_filter_option_and_click_one_product() {
    // Write code here that turns the phrase above into concrete actions
    throw new io.cucumber.java.PendingException();
}
@Then(&quot;Out-of-stock products should display availability status in product description&quot;)
public void out_of_stock_products_should_display_availability_status_in_product_description() {
    // Write code here that turns the phrase above into concrete actions
    throw new io.cucumber.java.PendingException();
}
" type="io.cucumber.testng.UndefinedStepException">
      <![CDATA[io.cucumber.testng.UndefinedStepException: The step 'User is on Home page' and 6 other step(s) are undefined.
You can implement these steps using the snippet(s) below:

@Given("User is on Home page")
public void user_is_on_home_page() {
    // Write code here that turns the phrase above into concrete actions
    throw new io.cucumber.java.PendingException();
}
@Given("User clicks on Shop By Categories")
public void user_clicks_on_shop_by_categories() {
    // Write code here that turns the phrase above into concrete actions
    throw new io.cucumber.java.PendingException();
}
@Given("User selects any one category")
public void user_selects_any_one_category() {
    // Write code here that turns the phrase above into concrete actions
    throw new io.cucumber.java.PendingException();
}
@When("User clicks the in-stock filter option and click one product")
public void user_clicks_the_in_stock_filter_option_and_click_one_product() {
    // Write code here that turns the phrase above into concrete actions
    throw new io.cucumber.java.PendingException();
}
@Then("In-stock products should display availability status in product description")
public void in_stock_products_should_display_availability_status_in_product_description() {
    // Write code here that turns the phrase above into concrete actions
    throw new io.cucumber.java.PendingException();
}
@When("User clicks the out-of-stock filter option and click one product")
public void user_clicks_the_out_of_stock_filter_option_and_click_one_product() {
    // Write code here that turns the phrase above into concrete actions
    throw new io.cucumber.java.PendingException();
}
@Then("Out-of-stock products should display availability status in product description")
public void out_of_stock_products_should_display_availability_status_in_product_description() {
    // Write code here that turns the phrase above into concrete actions
    throw new io.cucumber.java.PendingException();
}

at ✽.User is on Home page(file:///E:/Automation-Project-main/E-Commerce%20Lambdatest/src/test/resources/features/Filter.feature:5)
]]>
    </error>
  </testcase> <!-- runScenario -->
  <testcase classname="com.runner.TestNgRunner" name="runScenario" time="0.052">
    <error message="The step &#039;User is on Home page&#039; and 5 other step(s) are undefined.
You can implement these steps using the snippet(s) below:

@Given(&quot;User is on Home page&quot;)
public void user_is_on_home_page() {
    // Write code here that turns the phrase above into concrete actions
    throw new io.cucumber.java.PendingException();
}
@Given(&quot;User clicks on Shop By Categories&quot;)
public void user_clicks_on_shop_by_categories() {
    // Write code here that turns the phrase above into concrete actions
    throw new io.cucumber.java.PendingException();
}
@Given(&quot;User selects any one category&quot;)
public void user_selects_any_one_category() {
    // Write code here that turns the phrase above into concrete actions
    throw new io.cucumber.java.PendingException();
}
@When(&quot;User selects an option from the show products dropdown&quot;)
public void user_selects_an_option_from_the_show_products_dropdown() {
    // Write code here that turns the phrase above into concrete actions
    throw new io.cucumber.java.PendingException();
}
@When(&quot;User  displayed products&quot;)
public void user_displayed_products() {
    // Write code here that turns the phrase above into concrete actions
    throw new io.cucumber.java.PendingException();
}
@Then(&quot;Displayed product count should match the selected dropdown value&quot;)
public void displayed_product_count_should_match_the_selected_dropdown_value() {
    // Write code here that turns the phrase above into concrete actions
    throw new io.cucumber.java.PendingException();
}
" type="io.cucumber.testng.UndefinedStepException">
      <![CDATA[io.cucumber.testng.UndefinedStepException: The step 'User is on Home page' and 5 other step(s) are undefined.
You can implement these steps using the snippet(s) below:

@Given("User is on Home page")
public void user_is_on_home_page() {
    // Write code here that turns the phrase above into concrete actions
    throw new io.cucumber.java.PendingException();
}
@Given("User clicks on Shop By Categories")
public void user_clicks_on_shop_by_categories() {
    // Write code here that turns the phrase above into concrete actions
    throw new io.cucumber.java.PendingException();
}
@Given("User selects any one category")
public void user_selects_any_one_category() {
    // Write code here that turns the phrase above into concrete actions
    throw new io.cucumber.java.PendingException();
}
@When("User selects an option from the show products dropdown")
public void user_selects_an_option_from_the_show_products_dropdown() {
    // Write code here that turns the phrase above into concrete actions
    throw new io.cucumber.java.PendingException();
}
@When("User  displayed products")
public void user_displayed_products() {
    // Write code here that turns the phrase above into concrete actions
    throw new io.cucumber.java.PendingException();
}
@Then("Displayed product count should match the selected dropdown value")
public void displayed_product_count_should_match_the_selected_dropdown_value() {
    // Write code here that turns the phrase above into concrete actions
    throw new io.cucumber.java.PendingException();
}

at ✽.User is on Home page(file:///E:/Automation-Project-main/E-Commerce%20Lambdatest/src/test/resources/features/Filter.feature:5)
]]>
    </error>
  </testcase> <!-- runScenario -->
  <testcase classname="com.runner.TestNgRunner" name="runScenario" time="0.019">
    <error message="The step &#039;User is on Home page&#039; and 4 other step(s) are undefined.
You can implement these steps using the snippet(s) below:

@Given(&quot;User is on Home page&quot;)
public void user_is_on_home_page() {
    // Write code here that turns the phrase above into concrete actions
    throw new io.cucumber.java.PendingException();
}
@Given(&quot;User clicks on Shop By Categories&quot;)
public void user_clicks_on_shop_by_categories() {
    // Write code here that turns the phrase above into concrete actions
    throw new io.cucumber.java.PendingException();
}
@Given(&quot;User selects any one category&quot;)
public void user_selects_any_one_category() {
    // Write code here that turns the phrase above into concrete actions
    throw new io.cucumber.java.PendingException();
}
@When(&quot;move the slider&quot;)
public void move_the_slider() {
    // Write code here that turns the phrase above into concrete actions
    throw new io.cucumber.java.PendingException();
}
@Then(&quot;the price should be updated in filter page&quot;)
public void the_price_should_be_updated_in_filter_page() {
    // Write code here that turns the phrase above into concrete actions
    throw new io.cucumber.java.PendingException();
}
" type="io.cucumber.testng.UndefinedStepException">
      <![CDATA[io.cucumber.testng.UndefinedStepException: The step 'User is on Home page' and 4 other step(s) are undefined.
You can implement these steps using the snippet(s) below:

@Given("User is on Home page")
public void user_is_on_home_page() {
    // Write code here that turns the phrase above into concrete actions
    throw new io.cucumber.java.PendingException();
}
@Given("User clicks on Shop By Categories")
public void user_clicks_on_shop_by_categories() {
    // Write code here that turns the phrase above into concrete actions
    throw new io.cucumber.java.PendingException();
}
@Given("User selects any one category")
public void user_selects_any_one_category() {
    // Write code here that turns the phrase above into concrete actions
    throw new io.cucumber.java.PendingException();
}
@When("move the slider")
public void move_the_slider() {
    // Write code here that turns the phrase above into concrete actions
    throw new io.cucumber.java.PendingException();
}
@Then("the price should be updated in filter page")
public void the_price_should_be_updated_in_filter_page() {
    // Write code here that turns the phrase above into concrete actions
    throw new io.cucumber.java.PendingException();
}

at ✽.User is on Home page(file:///E:/Automation-Project-main/E-Commerce%20Lambdatest/src/test/resources/features/Filter.feature:5)
]]>
    </error>
  </testcase> <!-- runScenario -->
  <testcase classname="com.runner.TestNgRunner" name="runScenario" time="0.031">
    <error message="The step &#039;User is on Home page&#039; and 6 other step(s) are undefined.
You can implement these steps using the snippet(s) below:

@Given(&quot;User is on Home page&quot;)
public void user_is_on_home_page() {
    // Write code here that turns the phrase above into concrete actions
    throw new io.cucumber.java.PendingException();
}
@Given(&quot;User clicks on Shop By Categories&quot;)
public void user_clicks_on_shop_by_categories() {
    // Write code here that turns the phrase above into concrete actions
    throw new io.cucumber.java.PendingException();
}
@Given(&quot;User selects any one category&quot;)
public void user_selects_any_one_category() {
    // Write code here that turns the phrase above into concrete actions
    throw new io.cucumber.java.PendingException();
}
@When(&quot;User clicks the in-stock filter option&quot;)
public void user_clicks_the_in_stock_filter_option() {
    // Write code here that turns the phrase above into concrete actions
    throw new io.cucumber.java.PendingException();
}
@When(&quot;Products should display based on availability&quot;)
public void products_should_display_based_on_availability() {
    // Write code here that turns the phrase above into concrete actions
    throw new io.cucumber.java.PendingException();
}
@When(&quot;User clicks any one product based on instock&quot;)
public void user_clicks_any_one_product_based_on_instock() {
    // Write code here that turns the phrase above into concrete actions
    throw new io.cucumber.java.PendingException();
}
@Then(&quot;Product availability status should be displayed in product description&quot;)
public void product_availability_status_should_be_displayed_in_product_description() {
    // Write code here that turns the phrase above into concrete actions
    throw new io.cucumber.java.PendingException();
}
" type="io.cucumber.testng.UndefinedStepException">
      <![CDATA[io.cucumber.testng.UndefinedStepException: The step 'User is on Home page' and 6 other step(s) are undefined.
You can implement these steps using the snippet(s) below:

@Given("User is on Home page")
public void user_is_on_home_page() {
    // Write code here that turns the phrase above into concrete actions
    throw new io.cucumber.java.PendingException();
}
@Given("User clicks on Shop By Categories")
public void user_clicks_on_shop_by_categories() {
    // Write code here that turns the phrase above into concrete actions
    throw new io.cucumber.java.PendingException();
}
@Given("User selects any one category")
public void user_selects_any_one_category() {
    // Write code here that turns the phrase above into concrete actions
    throw new io.cucumber.java.PendingException();
}
@When("User clicks the in-stock filter option")
public void user_clicks_the_in_stock_filter_option() {
    // Write code here that turns the phrase above into concrete actions
    throw new io.cucumber.java.PendingException();
}
@When("Products should display based on availability")
public void products_should_display_based_on_availability() {
    // Write code here that turns the phrase above into concrete actions
    throw new io.cucumber.java.PendingException();
}
@When("User clicks any one product based on instock")
public void user_clicks_any_one_product_based_on_instock() {
    // Write code here that turns the phrase above into concrete actions
    throw new io.cucumber.java.PendingException();
}
@Then("Product availability status should be displayed in product description")
public void product_availability_status_should_be_displayed_in_product_description() {
    // Write code here that turns the phrase above into concrete actions
    throw new io.cucumber.java.PendingException();
}

at ✽.User is on Home page(file:///E:/Automation-Project-main/E-Commerce%20Lambdatest/src/test/resources/features/Filter.feature:5)
]]>
    </error>
  </testcase> <!-- runScenario -->
</testsuite> <!-- com.runner.TestNgRunner -->
