<?xml version="1.0" encoding="UTF-8"?>
<!-- Generated by org.testng.reporters.JUnitReportReporter -->
<testsuite hostname="LAPTOP-E70RRGE0" failures="0" tests="13" name="com.runner.TestNgRunner" time="172.431" errors="0" timestamp="2026-05-16T17:10:58 IST" skipped="0">
  <testcase classname="com.runner.TestNgRunner" name="runScenario" time="10.612"/>
  <testcase classname="com.runner.TestNgRunner" name="runScenario" time="11.742"/>
  <testcase classname="com.runner.TestNgRunner" name="runScenario" time="20.067"/>
  <testcase classname="com.runner.TestNgRunner" name="runScenario" time="9.919"/>
  <testcase classname="com.runner.TestNgRunner" name="runScenario" time="23.476"/>
  <testcase classname="com.runner.TestNgRunner" name="runScenario" time="9.049"/>
  <testcase classname="com.runner.TestNgRunner" name="runScenario" time="19.887"/>
  <testcase classname="com.runner.TestNgRunner" name="runScenario" time="16.534"/>
  <testcase classname="com.runner.TestNgRunner" name="runScenario" time="9.176"/>
  <testcase classname="com.runner.TestNgRunner" name="runScenario" time="10.822"/>
  <testcase classname="com.runner.TestNgRunner" name="runScenario" time="10.666"/>
  <testcase classname="com.runner.TestNgRunner" name="runScenario" time="7.894"/>
  <testcase classname="com.runner.TestNgRunner" name="runScenario" time="12.587"/>
</testsuite> <!-- com.runner.TestNgRunner -->
